<?xml version="1.0" encoding="utf-8"?><testsuites><testsuite name="pytest" errors="0" failures="0" skipped="0" tests="53" time="12.127" timestamp="2026-07-16T23:11:06.647312-04:00" hostname="BinarySearch"><testcase classname="tests.test_change_analysis" name="test_known_rate_calculates_nsm_epr_lrr_r2_and_ci95" time="0.084" /><testcase classname="tests.test_change_analysis" name="test_input_year_order_and_shoreline_coordinate_order_do_not_change_metrics" time="0.150" /><testcase classname="tests.test_change_analysis" name="test_single_year_is_reported_as_insufficient_without_inventing_rates" time="0.062" /><testcase classname="tests.test_change_analysis" name="test_two_years_calculate_rates_but_not_regression_uncertainty" time="0.070" /><testcase classname="tests.test_change_analysis" name="test_wgs84_inputs_are_projected_to_utm19s_and_outputs_support_wgs84" time="0.089" /><testcase classname="tests.test_change_analysis" name="test_transect_parameters_and_metric_crs_are_validated" time="0.002" /><testcase classname="tests.test_infrastructure" name="test_query_contains_buildings_and_highways" time="0.001" /><testcase classname="tests.test_infrastructure" name="test_parse_overpass_building_and_road" time="0.007" /><testcase classname="tests.test_infrastructure" name="test_parse_overpass_building_relation_members" time="0.014" /><testcase classname="tests.test_infrastructure" name="test_risk_combines_distance_and_local_rate" time="0.041" /><testcase classname="tests.test_mvp" name="test_network_covers_full_playa_grande" time="0.107" /><testcase classname="tests.test_mvp" name="test_transects_cross_the_reference_shoreline" time="0.113" /><testcase classname="tests.test_mvp" name="test_risk_bands_and_study_area_are_valid" time="0.106" /><testcase classname="tests.test_mvp" name="test_elevation_profile_is_complete_and_attributed" time="0.174" /><testcase classname="tests.test_mvp" name="test_click_evaluation_separates_distance_and_elevation" time="0.297" /><testcase classname="tests.test_mvp" name="test_projected_line_moves_about_configured_retreat" time="0.194" /><testcase classname="tests.test_mvp" name="test_fixed_locations_worsen_as_year_advances" time="0.674" /><testcase classname="tests.test_mvp" name="test_reached_location_stays_critical_for_all_rates" time="0.300" /><testcase classname="tests.test_mvp" name="test_visible_band_matches_click_classification" time="2.882" /><testcase classname="tests.test_mvp" name="test_red_growth_matches_area_reached_and_green_shrinks" time="0.304" /><testcase classname="tests.test_mvp" name="test_historical_line_does_not_move_with_future_rate" time="0.222" /><testcase classname="tests.test_mvp" name="test_all_year_rate_combinations_are_topologically_consistent" time="1.736" /><testcase classname="tests.test_mvp" name="test_rag_returns_ranked_evidence" time="0.008" /><testcase classname="tests.test_mvp" name="test_osm_snapshot_rebuilds_the_active_marine_arc" time="0.004" /><testcase classname="tests.test_mvp" name="test_elevation_queries_match_the_active_11_by_3_grid" time="0.009" /><testcase classname="tests.test_mvp" name="test_raw_elevation_snapshot_rebuilds_the_active_profile" time="0.003" /><testcase classname="tests.test_mvp" name="test_provenance_manifest_hashes_match_every_snapshot_and_active_input" time="0.004" /><testcase classname="tests.test_mvp" name="test_local_rag_fallback_never_requires_an_external_llm" time="0.008" /><testcase classname="tests.test_scientific" name="test_scientific_pipeline_requires_complete_chain" time="0.001" /><testcase classname="tests.test_scientific" name="test_nearest_assessment_preserves_pipeline_classification" time="0.131" /><testcase classname="tests.test_sentinel" name="test_ndwi_formula_and_invalid_pixels" time="0.001" /><testcase classname="tests.test_sentinel" name="test_strict_majority_rejects_ties" time="0.001" /><testcase classname="tests.test_sentinel" name="test_strict_majority_requires_aligned_grids" time="0.001" /><testcase classname="tests.test_sentinel" name="test_scene_ranking_preserves_zero_cloud_cover" time="0.001" /><testcase classname="tests.test_sentinel" name="test_stac_february_uses_calendar_month_end" time="0.001" /><testcase classname="tests.test_sentinel" name="test_normalize_earth_search_item_uses_public_l2a_assets" time="0.001" /><testcase classname="tests.test_sentinel" name="test_normalize_cdse_marks_2016_auth_requirement" time="0.001" /><testcase classname="tests.test_sentinel" name="test_normalize_public_earth_search_l1c_converts_s3_to_https" time="0.001" /><testcase classname="tests.test_sentinel" name="test_consensus_uses_strict_majority_in_metric_grid" time="0.073" /><testcase classname="tests.test_sentinel" name="test_metric_median_aligns_reversed_corrected_lines" time="0.006" /><testcase classname="tests.test_storms" name="test_temporal_join_honours_window" time="0.020" /><testcase classname="tests.test_storms" name="test_anomaly_removes_linear_trend" time="0.010" /><testcase classname="tests.test_storms" name="test_anomaly_accepts_mixed_iso_precision" time="0.010" /><testcase classname="tests.test_storms" name="test_point_biserial_and_insufficient_state" time="0.011" /><testcase classname="tests.test_storms" name="test_point_biserial_rejects_single_event_or_constant_response" time="0.009" /><testcase classname="tests.test_tides" name="test_horizontal_tide_shift_validates_slope" time="0.001" /><testcase classname="tests.test_tides" name="test_positive_tide_is_corrected_seaward_using_land_reference" time="0.007" /><testcase classname="tests.test_tides" name="test_water_polygon_controls_direction_even_if_vertex_order_reverses" time="0.007" /><testcase classname="tests.test_tides" name="test_direction_must_be_explicit" time="0.003" /><testcase classname="tests.test_visual_features" name="test_interpolation_is_midpoint_and_resampled" time="0.042" /><testcase classname="tests.test_visual_features" name="test_interpolation_clamps_progress_and_rejects_empty_lines" time="0.063" /><testcase classname="tests.test_waves" name="test_load_and_summarize_era5_catalog" time="0.002" /><testcase classname="tests.test_waves" name="test_empty_wave_catalog_is_explicit" time="0.001" /></testsuite></testsuites>